This is pdfTeX, Version 3.141592653-2.6-1.40.24 (TeX Live 2022) (preloaded format=pdflatex 2022.9.30)  9 SEP 2025 17:00
entering extended mode
 restricted \write18 enabled.
 file:line:error style messages enabled.
 %&-line parsing enabled.
**/Users/goncharov/Documents/itmo/science/cv/work/articles/LO_approximation/preprint.tex
(/Users/goncharov/Documents/itmo/science/cv/work/articles/LO_approximation/preprint.tex
LaTeX2e <2021-11-15> patch level 1
L3 programming layer <2022-02-24> (/usr/local/texlive/2022/texmf-dist/tex/latex/revtex/revtex4-2.cls
Document Class: revtex4-2 2020/10/03 4.2e (https://journals.aps.org/revtex/ for documentation)
 Copyright (c) 2019 American Physical Society.
 mailto:revtex@aps.org
 Licensed under the LPPL:
http://www.ctan.org/tex-archive/macros/latex/base/lppl.txt
 Arthur Ogawa <arthur_ogawa at sbcglobal dot net>
 Based on work by David Carlisle <david at dcarlisle.demon.co.uk>
 Version (4.2d,4.2e): Modified by Mark Doyle and Phelype Oleinik
 .
ltxutil[2020/10/03 4.2e utilities package (portions licensed from W. E. Baxter web at superscript.com)]
LaTeX Info: Redefining \@centercr on input line 356.
Class revtex4-2 Info: Repairing hyperref-unfriendly LaTeX definition of \mpfootnote on input line 481.
Class revtex4-2 Info: Repairing broken LateX \@sect on input line 803.
\intertabularlinepenalty=\count185
\@tbpen=\count186
\@arstrutbox@hline=\box50
Class revtex4-2 Info: Repairing broken LaTeX \@xbitor on input line 1834.
Class revtex4-2 Info: Making \typeout \long on input line 2099.
ltxfront[2020/10/03 4.2e frontmatter package (AO,DPC,MD)]
\c@affil=\count187
\c@collab=\count188
\absbox=\box51
ltxgrid[2020/10/03 4.2e page grid package (portions licensed from W. E. Baxter web at superscript.com)]
\c@linecount=\count189
\output@latex=\toks16
\box@size@1=\box52
\box@size@2=\box53
\@protection@box=\box54
\@topmark@saved=\toks17
\footins@saved=\box55
\footins@recovered=\box56
\column@recovered=\box57
\pagesofar=\box58
\footsofar=\box59
\pagegrid@col=\count190
Class revtex4-2 Info: Overriding \@vspace, \@vspacer, \@no@pgbk, \@newline, and \\  on input line 5665.
\c@part=\count191
\c@section=\count192
\c@subsection=\count193
\c@subsubsection=\count194
\c@paragraph=\count195
\c@subparagraph=\count196
\abovecaptionskip=\skip47
\belowcaptionskip=\skip48
\c@figure=\count197
\fbox@1=\box60
\c@table=\count198
\fbox@2=\box61
\c@video=\count199
\fbox@4=\box62
\@bibdataout=\write3
\widetext@top=\box63
\widetext@bot=\box64
Class revtex4-2 Info: Selecting society aps on input line 7658.
(/usr/local/texlive/2022/texmf-dist/tex/latex/revtex/aps4-2.rtx
File: aps4-2 2020/10/03 4.2e (https://journals.aps.org/revtex/ for documentation)
Class revtex4-2 Info: RevTeX society APS selected on input line 40.
)
Class revtex4-2 Info: Selecting journal pra on input line 7660.
Class revtex4-2 Info: APS journal PRA selected on input line 7661.
 (/usr/local/texlive/2022/texmf-dist/tex/latex/revtex/aps10pt4-2.rtx
File: aps10pt4-2 2020/10/03 4.2e (https://journals.aps.org/revtex/ for documentation)
Class revtex4-2 Info: RevTeX pointsize 10pt selected on input line 39.
) (/usr/local/texlive/2022/texmf-dist/tex/latex/textcase/textcase.sty
Package: textcase 2019/09/14 v1.00 Text only upper/lower case changing (DPC)
) (/usr/local/texlive/2022/texmf-dist/tex/latex/amsfonts/amsfonts.sty
Package: amsfonts 2013/01/14 v3.01 Basic AMSFonts support
\@emptytoks=\toks18
\symAMSa=\mathgroup4
\symAMSb=\mathgroup5
LaTeX Font Info:    Redeclaring math symbol \hbar on input line 98.
LaTeX Font Info:    Overwriting math alphabet `\mathfrak' in version `bold'
(Font)                  U/euf/m/n --> U/euf/b/n on input line 106.
) (/usr/local/texlive/2022/texmf-dist/tex/latex/amsfonts/amssymb.sty
Package: amssymb 2013/01/14 v3.01 AMS font symbols
) (/usr/local/texlive/2022/texmf-dist/tex/latex/amsmath/amsmath.sty
Package: amsmath 2021/10/15 v2.17l AMS math features
\@mathmargin=\skip49

For additional information on amsmath, use the `?' option.
(/usr/local/texlive/2022/texmf-dist/tex/latex/amsmath/amstext.sty
Package: amstext 2021/08/26 v2.01 AMS text
 (/usr/local/texlive/2022/texmf-dist/tex/latex/amsmath/amsgen.sty
File: amsgen.sty 1999/11/30 v2.0 generic functions
\@emptytoks=\toks19
\ex@=\dimen138
)
LaTeX Info: Redefining \text on input line 28.
) (/usr/local/texlive/2022/texmf-dist/tex/latex/amsmath/amsbsy.sty
Package: amsbsy 1999/11/29 v1.2d Bold Symbols
\pmbraise@=\dimen139
) (/usr/local/texlive/2022/texmf-dist/tex/latex/amsmath/amsopn.sty
Package: amsopn 2021/08/26 v2.02 operator names
)
\inf@bad=\count266
LaTeX Info: Redefining \frac on input line 234.
\uproot@=\count267
\leftroot@=\count268
LaTeX Info: Redefining \overline on input line 399.
\classnum@=\count269
\DOTSCASE@=\count270
LaTeX Info: Redefining \ldots on input line 496.
LaTeX Info: Redefining \dots on input line 499.
LaTeX Info: Redefining \cdots on input line 620.
\Mathstrutbox@=\box65
\strutbox@=\box66
\big@size=\dimen140
LaTeX Font Info:    Redeclaring font encoding OML on input line 743.
LaTeX Font Info:    Redeclaring font encoding OMS on input line 744.
\macc@depth=\count271
\c@MaxMatrixCols=\count272
\dotsspace@=\muskip16
\c@parentequation=\count273
\dspbrk@lvl=\count274
\tag@help=\toks20
\row@=\count275
\column@=\count276
\maxfields@=\count277
\andhelp@=\toks21
\eqnshift@=\dimen141
\alignsep@=\dimen142
\tagshift@=\dimen143
\tagwidth@=\dimen144
\totwidth@=\dimen145
\lineht@=\dimen146
\@envbody=\toks22
\multlinegap=\skip50
\multlinetaggap=\skip51
\mathdisplay@stack=\toks23
LaTeX Info: Redefining \[ on input line 2938.
LaTeX Info: Redefining \] on input line 2939.
) (/usr/local/texlive/2022/texmf-dist/tex/latex/url/url.sty
\Urlmuskip=\muskip17
Package: url 2013/09/16  ver 3.4  Verb mode for urls, etc.
) (/usr/local/texlive/2022/texmf-dist/tex/latex/natbib/natbib.sty
Package: natbib 2010/09/13 8.31b (PWD, AO)
\bibhang=\skip52
\bibsep=\skip53
LaTeX Info: Redefining \cite on input line 694.
\c@NAT@ctr=\count278
)
Class revtex4-2 Info: Repairing natbib's \BibitemShut on input line 7665.
 (/usr/local/texlive/2022/texmf-dist/tex/latex/revtex/revsymb4-2.sty
Package: revsymb4-2 2020/10/03 4.2e (https://journals.aps.org/revtex/ for documentation)
LaTeX Info: Redefining \frak on input line 104.
LaTeX Info: Redefining \Bbb on input line 120.
LaTeX Info: Redefining \REV@mathfrak on input line 128.
)) (/usr/local/texlive/2022/texmf-dist/tex/generic/babel/babel.sty
Package: babel 2022/02/26 3.73 The Babel package
\babel@savecnt=\count279
\U@D=\dimen147
\l@unhyphenated=\language87
 (/usr/local/texlive/2022/texmf-dist/tex/generic/babel/txtbabel.def)
\bbl@readstream=\read2
\bbl@dirlevel=\count280
 (/usr/local/texlive/2022/texmf-dist/tex/generic/babel-english/english.ldf
Language: english 2017/06/06 v3.3r English support from the babel system
Package babel Info: Hyphen rules for 'canadian' set to \l@english
(babel)             (\language0). Reported on input line 102.
Package babel Info: Hyphen rules for 'australian' set to \l@ukenglish
(babel)             (\language21). Reported on input line 105.
Package babel Info: Hyphen rules for 'newzealand' set to \l@ukenglish
(babel)             (\language21). Reported on input line 108.
)) (/usr/local/texlive/2022/texmf-dist/tex/latex/base/inputenc.sty
Package: inputenc 2021/02/14 v1.3d Input encoding file
\inpenc@prehook=\toks24
\inpenc@posthook=\toks25
 (/usr/local/texlive/2022/texmf-dist/tex/latex/ucs/utf8x.def
File: utf8x.def 2004/10/17 UCS: Input encoding UTF-8
)) (/usr/local/texlive/2022/texmf-dist/tex/latex/ucs/ucs.sty
Package: ucs 2013/05/11 v2.2 UCS: Unicode input support
 (/usr/local/texlive/2022/texmf-dist/tex/latex/ucs/data/uni-global.def
File: uni-global.def 2013/05/13 UCS: Unicode global data
)
\uc@secondtry=\count281
\uc@combtoks=\toks26
\uc@combtoksb=\toks27
\uc@temptokena=\toks28
) (/usr/local/texlive/2022/texmf-dist/tex/latex/base/fontenc.sty
Package: fontenc 2021/04/29 v2.0v Standard LaTeX package
) (/usr/local/texlive/2022/texmf-dist/tex/latex/amscls/amsthm.sty
Package: amsthm 2020/05/29 v2.20.6
\thm@style=\toks29
\thm@bodyfont=\toks30
\thm@headfont=\toks31
\thm@notefont=\toks32
\thm@headpunct=\toks33
\thm@preskip=\skip54
\thm@postskip=\skip55
\thm@headsep=\skip56
\dth@everypar=\toks34
) (/usr/local/texlive/2022/texmf-dist/tex/latex/mathtools/mathtools.sty
Package: mathtools 2022/02/07 v1.28a mathematical typesetting tools
 (/usr/local/texlive/2022/texmf-dist/tex/latex/graphics/keyval.sty
Package: keyval 2014/10/28 v1.15 key=value parser (DPC)
\KV@toks@=\toks35
) (/usr/local/texlive/2022/texmf-dist/tex/latex/tools/calc.sty
Package: calc 2017/05/25 v4.3 Infix arithmetic (KKT,FJ)
\calc@Acount=\count282
\calc@Bcount=\count283
\calc@Adimen=\dimen148
\calc@Bdimen=\dimen149
\calc@Askip=\skip57
\calc@Bskip=\skip58
LaTeX Info: Redefining \setlength on input line 80.
LaTeX Info: Redefining \addtolength on input line 81.
\calc@Ccount=\count284
\calc@Cskip=\skip59
) (/usr/local/texlive/2022/texmf-dist/tex/latex/mathtools/mhsetup.sty
Package: mhsetup 2021/03/18 v1.4 programming setup (MH)
)
\g_MT_multlinerow_int=\count285
\l_MT_multwidth_dim=\dimen150
\origjot=\skip60
\l_MT_shortvdotswithinadjustabove_dim=\dimen151
\l_MT_shortvdotswithinadjustbelow_dim=\dimen152
\l_MT_above_intertext_sep=\dimen153
\l_MT_below_intertext_sep=\dimen154
\l_MT_above_shortintertext_sep=\dimen155
\l_MT_below_shortintertext_sep=\dimen156
\xmathstrut@box=\box67
\xmathstrut@dim=\dimen157
) (/usr/local/texlive/2022/texmf-dist/tex/latex/jknapltx/mathrsfs.sty
Package: mathrsfs 1996/01/01 Math RSFS package v1.0 (jk)
\symrsfs=\mathgroup6
) (/usr/local/texlive/2022/texmf-dist/tex/latex/graphics/graphicx.sty
Package: graphicx 2021/09/16 v1.2d Enhanced LaTeX Graphics (DPC,SPQR)
 (/usr/local/texlive/2022/texmf-dist/tex/latex/graphics/graphics.sty
Package: graphics 2021/03/04 v1.4d Standard LaTeX Graphics (DPC,SPQR)
 (/usr/local/texlive/2022/texmf-dist/tex/latex/graphics/trig.sty
Package: trig 2021/08/11 v1.11 sin cos tan (DPC)
) (/usr/local/texlive/2022/texmf-dist/tex/latex/graphics-cfg/graphics.cfg
File: graphics.cfg 2016/06/04 v1.11 sample graphics configuration
)
Package graphics Info: Driver file: pdftex.def on input line 107.
 (/usr/local/texlive/2022/texmf-dist/tex/latex/graphics-def/pdftex.def
File: pdftex.def 2020/10/05 v1.2a Graphics/color driver for pdftex
))
\Gin@req@height=\dimen158
\Gin@req@width=\dimen159
) (/usr/local/texlive/2022/texmf-dist/tex/latex/multirow/multirow.sty
Package: multirow 2021/03/15 v2.8 Span multiple rows of a table
\multirow@colwidth=\skip61
\multirow@cntb=\count286
\multirow@dima=\skip62
\bigstrutjot=\dimen160
) (/usr/local/texlive/2022/texmf-dist/tex/latex/float/float.sty
Package: float 2001/11/08 v1.3d Float enhancements (AL)
\c@float@type=\count287
\float@exts=\toks36
\float@box=\box68
\@float@everytoks=\toks37
\@floatcapt=\box69
) (/usr/local/texlive/2022/texmf-dist/tex/latex/caption/subcaption.sty
Package: subcaption 2022/01/07 v1.5 Sub-captions (AR)
 (/usr/local/texlive/2022/texmf-dist/tex/latex/caption/caption.sty
Package: caption 2022/03/01 v3.6b Customizing captions (AR)
 (/usr/local/texlive/2022/texmf-dist/tex/latex/caption/caption3.sty
Package: caption3 2022/03/17 v2.3b caption3 kernel (AR)
\caption@tempdima=\dimen161
\captionmargin=\dimen162
\caption@leftmargin=\dimen163
\caption@rightmargin=\dimen164
\caption@width=\dimen165
\caption@indent=\dimen166
\caption@parindent=\dimen167
\caption@hangindent=\dimen168
Package caption Info: Unknown document class (or package),
(caption)             standard defaults will be used.
Package caption Info: \@makecaption = \long macro:#1#2->\par \vskip \abovecaptionskip \begingroup \small \rmfamily \sbox \@tempboxa {\let \\\heading@cr \@make@capt@title {#1}{#2}}\@ifdim {\wd \@tempboxa >\hsize }{\begingroup \samepage \flushing \let \footnote \@footnotemark@gobble \@make@capt@title {#1}{#2}\par \endgroup }{\global \@minipagefalse \hb@xt@ \hsize {\hfil \unhbox \@tempboxa \hfil }}\endgroup \vskip \belowcaptionskip  on input line 1176.
)

Package caption Warning: Unknown document class (or package),
(caption)                standard defaults will be used.
See the caption package documentation for explanation.

\c@caption@flags=\count288
\c@continuedfloat=\count289
Package caption Info: float package is loaded.
)
\c@subfigure=\count290
\c@subtable=\count291
) (/usr/local/texlive/2022/texmf-dist/tex/generic/soul/soul.sty
Package: soul 2003/11/17 v2.4 letterspacing/underlining (mf)
\SOUL@word=\toks38
\SOUL@lasttoken=\toks39
\SOUL@cmds=\toks40
\SOUL@buffer=\toks41
\SOUL@token=\toks42
\SOUL@spaceskip=\skip63
\SOUL@ttwidth=\dimen169
\SOUL@uldp=\dimen170
\SOUL@ulht=\dimen171
) (/usr/local/texlive/2022/texmf-dist/tex/latex/graphics/color.sty
Package: color 2021/12/07 v1.3c Standard LaTeX Color (DPC)
 (/usr/local/texlive/2022/texmf-dist/tex/latex/graphics-cfg/color.cfg
File: color.cfg 2016/01/02 v1.6 sample color configuration
)
Package color Info: Driver file: pdftex.def on input line 149.
)
Class revtex4-2 Info: Unrecognized LaTeX tabular. Please update this document class! (Proceeding with fingers crossed.) on input line 112.


Class revtex4-2 Warning: Repair the float package.

Class revtex4-2 Info: cite was not loaded (OK!) on input line 112.
Class revtex4-2 Info: mcite was not loaded (OK!) on input line 112.
Class revtex4-2 Info: multicol was not loaded (OK!) on input line 112.
(/usr/local/texlive/2022/texmf-dist/tex/latex/l3backend/l3backend-pdftex.def
File: l3backend-pdftex.def 2022-02-07 L3 backend support: PDF output (pdfTeX)
\l__color_backend_stack_int=\count292
\l__pdf_internal_box=\box70
) (./preprint.aux)
\openout1 = `preprint.aux'.

LaTeX Font Info:    Checking defaults for OML/cmm/m/it on input line 112.
LaTeX Font Info:    ... okay on input line 112.
LaTeX Font Info:    Checking defaults for OMS/cmsy/m/n on input line 112.
LaTeX Font Info:    ... okay on input line 112.
LaTeX Font Info:    Checking defaults for OT1/cmr/m/n on input line 112.
LaTeX Font Info:    ... okay on input line 112.
LaTeX Font Info:    Checking defaults for T1/cmr/m/n on input line 112.
LaTeX Font Info:    ... okay on input line 112.
LaTeX Font Info:    Checking defaults for TS1/cmr/m/n on input line 112.
LaTeX Font Info:    ... okay on input line 112.
LaTeX Font Info:    Checking defaults for OMX/cmex/m/n on input line 112.
LaTeX Font Info:    ... okay on input line 112.
LaTeX Font Info:    Checking defaults for U/cmr/m/n on input line 112.
LaTeX Font Info:    ... okay on input line 112.
 (/usr/local/texlive/2022/texmf-dist/tex/latex/ucs/ucsencs.def
File: ucsencs.def 2011/01/21 Fixes to fontencodings LGR, T3
) (/usr/local/texlive/2022/texmf-dist/tex/context/base/mkii/supp-pdf.mkii
[Loading MPS to PDF converter (version 2006.09.02).]
\scratchcounter=\count293
\scratchdimen=\dimen172
\scratchbox=\box71
\nofMPsegments=\count294
\nofMParguments=\count295
\everyMPshowfont=\toks43
\MPscratchCnt=\count296
\MPscratchDim=\dimen173
\MPnumerator=\count297
\makeMPintoPDFobject=\count298
\everyMPtoPDFconversion=\toks44
) (/usr/local/texlive/2022/texmf-dist/tex/latex/epstopdf-pkg/epstopdf-base.sty
Package: epstopdf-base 2020-01-24 v2.11 Base part for package epstopdf
Package epstopdf-base Info: Redefining graphics rule for `.eps' on input line 485.
 (/usr/local/texlive/2022/texmf-dist/tex/latex/latexconfig/epstopdf-sys.cfg
File: epstopdf-sys.cfg 2010/07/13 v1.3 Configuration of (r)epstopdf for TeX Live
))
Package caption Info: Begin \AtBeginDocument code.
Package caption Info: End \AtBeginDocument code.
\openout3 = `preprintNotes.bib'.

LaTeX Font Info:    Trying to load font information for U+msa on input line 151.
 (/usr/local/texlive/2022/texmf-dist/tex/latex/amsfonts/umsa.fd
File: umsa.fd 2013/01/14 v3.01 AMS symbols A
)
LaTeX Font Info:    Trying to load font information for U+msb on input line 151.
 (/usr/local/texlive/2022/texmf-dist/tex/latex/amsfonts/umsb.fd
File: umsb.fd 2013/01/14 v3.01 AMS symbols B
)
LaTeX Font Info:    Trying to load font information for U+rsfs on input line 151.
 (/usr/local/texlive/2022/texmf-dist/tex/latex/jknapltx/ursfs.fd
File: ursfs.fd 1998/03/24 rsfs font definition file (jk)
) [1{/usr/local/texlive/2022/texmf-var/fonts/map/pdftex/updmap/pdftex.map}]
Underfull \hbox (badness 4416) in paragraph at lines 175--176
[]\T1/cmr/m/n/10 We then ap-ply the de-vel-oped for-mal-ism to a
 []


Underfull \hbox (badness 1215) in paragraph at lines 175--176
\T1/cmr/m/n/10 homodyne-based two-quadrature scheme (dou-ble ho-
 []


Underfull \hbox (badness 1237) in paragraph at lines 177--178
[]\T1/cmr/m/n/10 We also show that the com-monly used Skellam-
 []

<pics/schemes/homodyne.pdf, id=19, 245.5815pt x 242.24803pt>
File: pics/schemes/homodyne.pdf Graphic file (type pdf)
<use pics/schemes/homodyne.pdf>
Package pdftex.def Info: pics/schemes/homodyne.pdf  used on input line 188.
(pdftex.def)             Requested size: 221.3985pt x 218.39455pt.
[2 <./pics/schemes/homodyne.pdf>] [3]
<pics/homodyne/coherent_distributions.pdf, id=58, 807.97862pt x 650.01266pt>
File: pics/homodyne/coherent_distributions.pdf Graphic file (type pdf)
<use pics/homodyne/coherent_distributions.pdf>
Package pdftex.def Info: pics/homodyne/coherent_distributions.pdf  used on input line 508.
(pdftex.def)             Requested size: 229.49844pt x 184.63066pt.
<pics/homodyne/fock_distributions.pdf, id=59, 807.97862pt x 650.01266pt>
File: pics/homodyne/fock_distributions.pdf Graphic file (type pdf)
<use pics/homodyne/fock_distributions.pdf>
Package pdftex.def Info: pics/homodyne/fock_distributions.pdf  used on input line 513.
(pdftex.def)             Requested size: 229.49844pt x 184.63066pt.
<pics/schemes/double_homodyne.pdf, id=60, 458.97673pt x 455.64427pt>
File: pics/schemes/double_homodyne.pdf Graphic file (type pdf)
<use pics/schemes/double_homodyne.pdf>
Package pdftex.def Info: pics/schemes/double_homodyne.pdf  used on input line 604.
(pdftex.def)             Requested size: 221.3985pt x 219.79137pt.
 [4]
<pics/double-homodyne/1111.pdf, id=64, 844.73778pt x 688.23065pt>
File: pics/double-homodyne/1111.pdf Graphic file (type pdf)
<use pics/double-homodyne/1111.pdf>
Package pdftex.def Info: pics/double-homodyne/1111.pdf  used on input line 792.
(pdftex.def)             Requested size: 153.00156pt x 124.65327pt.
<pics/double-homodyne/10.510.5.pdf, id=65, 844.73778pt x 688.23065pt>
File: pics/double-homodyne/10.510.5.pdf Graphic file (type pdf)
<use pics/double-homodyne/10.510.5.pdf>
Package pdftex.def Info: pics/double-homodyne/10.510.5.pdf  used on input line 797.
(pdftex.def)             Requested size: 153.00156pt x 124.65327pt.
<pics/double-homodyne/1110.5.pdf, id=66, 844.73778pt x 688.23065pt>
File: pics/double-homodyne/1110.5.pdf Graphic file (type pdf)
<use pics/double-homodyne/1110.5.pdf>
Package pdftex.def Info: pics/double-homodyne/1110.5.pdf  used on input line 802.
(pdftex.def)             Requested size: 153.00156pt x 124.65327pt.
 [5 <./pics/homodyne/coherent_distributions.pdf> <./pics/homodyne/fock_distributions.pdf> <./pics/schemes/double_homodyne.pdf>] [6 <./pics/double-homodyne/1111.pdf> <./pics/double-homodyne/10.510.5.pdf> <./pics/double-homodyne/1110.5.pdf>]
<tikz_article.pdf, id=165, page=2, 188.54842pt x 183.02077pt>
File: tikz_article.pdf Graphic file (type pdf)
<use tikz_article.pdf, page 2>
Package pdftex.def Info: tikz_article.pdf , page2 used on input line 1069.
(pdftex.def)             Requested size: 221.3985pt x 214.90698pt.

Underfull \hbox (badness 3701) in paragraph at lines 1113--1118
\T1/cmr/m/n/10 which is propo-tional to the pure squeezed state
 []

[7 <./tikz_article.pdf>] (/usr/local/texlive/2022/texmf-dist/tex/latex/ucs/data/uni-32.def
File: uni-32.def 2013/05/13 UCS: Unicode data U+2000..U+20FF
) [8] [9]
<pics/qkd/hom/IAB.pdf, id=220, 182.36246pt x 167.11168pt>
File: pics/qkd/hom/IAB.pdf Graphic file (type pdf)
<use pics/qkd/hom/IAB.pdf>
Package pdftex.def Info: pics/qkd/hom/IAB.pdf  used on input line 1427.
(pdftex.def)             Requested size: 153.00156pt x 137.57303pt.
<pics/qkd/hom/chi.pdf, id=222, 176.86243pt x 167.11168pt>
File: pics/qkd/hom/chi.pdf Graphic file (type pdf)
<use pics/qkd/hom/chi.pdf>
Package pdftex.def Info: pics/qkd/hom/chi.pdf  used on input line 1432.
(pdftex.def)             Requested size: 153.00156pt x 142.31027pt.
<pics/qkd/hom/r.pdf, id=224, 182.36246pt x 167.11168pt>
File: pics/qkd/hom/r.pdf Graphic file (type pdf)
<use pics/qkd/hom/r.pdf>
Package pdftex.def Info: pics/qkd/hom/r.pdf  used on input line 1437.
(pdftex.def)             Requested size: 153.00156pt x 137.57303pt.
<pics/qkd/dhom/IAB.pdf, id=226, 199.05992pt x 170.7649pt>
File: pics/qkd/dhom/IAB.pdf Graphic file (type pdf)
<use pics/qkd/dhom/IAB.pdf>
Package pdftex.def Info: pics/qkd/dhom/IAB.pdf  used on input line 1448.
(pdftex.def)             Requested size: 153.00156pt x 128.01776pt.
<pics/qkd/dhom/chi.pdf, id=228, 193.185pt x 170.7649pt>
File: pics/qkd/dhom/chi.pdf Graphic file (type pdf)
<use pics/qkd/dhom/chi.pdf>
Package pdftex.def Info: pics/qkd/dhom/chi.pdf  used on input line 1453.
(pdftex.def)             Requested size: 153.00156pt x 132.28827pt.
<pics/qkd/dhom/r.pdf, id=230, 193.185pt x 170.7649pt>
File: pics/qkd/dhom/r.pdf Graphic file (type pdf)
<use pics/qkd/dhom/r.pdf>
Package pdftex.def Info: pics/qkd/dhom/r.pdf  used on input line 1458.
(pdftex.def)             Requested size: 153.00156pt x 132.28827pt.
<pics/qkd/hom/r(l).pdf, id=232, 234.7277pt x 193.73996pt>
File: pics/qkd/hom/r(l).pdf Graphic file (type pdf)
<use pics/qkd/hom/r(l).pdf>
Package pdftex.def Info: pics/qkd/hom/r(l).pdf  used on input line 1469.
(pdftex.def)             Requested size: 229.49844pt x 189.42928pt.
<pics/qkd/dhom/r(l).pdf, id=233, 237.51202pt x 195.62881pt>
File: pics/qkd/dhom/r(l).pdf Graphic file (type pdf)
<use pics/qkd/dhom/r(l).pdf>
Package pdftex.def Info: pics/qkd/dhom/r(l).pdf  used on input line 1474.
(pdftex.def)             Requested size: 229.49844pt x 189.03732pt.
 [10]
Underfull \hbox (badness 1237) in paragraph at lines 1577--1578
\T1/cmr/m/n/10 and $[] \OML/cmm/m/it/10 e[] \OMS/cmsy/m/n/10 7! [] \OML/cmm/m/it/10 e[]$ \T1/cmr/m/n/10 is needed in
 []

[11 <./pics/qkd/hom/IAB.pdf> <./pics/qkd/hom/chi.pdf> <./pics/qkd/hom/r.pdf> <./pics/qkd/dhom/IAB.pdf> <./pics/qkd/dhom/chi.pdf> <./pics/qkd/dhom/r.pdf>]
Underfull \hbox (badness 1418) in paragraph at lines 1591--1592
[][]\T1/cmr/m/n/10 Despite the ex-is-tence of coun-ter-mea-sures for the
 []

<pics/homodyne/ED = ED(a)_eta.pdf, id=367, 816.65097pt x 672.11098pt>
File: pics/homodyne/ED = ED(a)_eta.pdf Graphic file (type pdf)
<use pics/homodyne/ED = ED(a)_eta.pdf>
Package pdftex.def Info: pics/homodyne/ED = ED(a)_eta.pdf  used on input line 1674.
(pdftex.def)             Requested size: 249.9028pt x 205.66528pt.
<pics/homodyne/ED = ED(aL)_eta.pdf, id=368, 816.65097pt x 672.11098pt>
File: pics/homodyne/ED = ED(aL)_eta.pdf Graphic file (type pdf)
<use pics/homodyne/ED = ED(aL)_eta.pdf>
Package pdftex.def Info: pics/homodyne/ED = ED(aL)_eta.pdf  used on input line 1679.
(pdftex.def)             Requested size: 249.9028pt x 205.66528pt.
<pics/homodyne/ed(eta2).pdf, id=369, 816.65097pt x 672.11098pt>
File: pics/homodyne/ed(eta2).pdf Graphic file (type pdf)
<use pics/homodyne/ed(eta2).pdf>
Package pdftex.def Info: pics/homodyne/ed(eta2).pdf  used on input line 1693.
(pdftex.def)             Requested size: 229.49844pt x 188.8769pt.
<pics/homodyne/ed(eta1).pdf, id=370, 816.65097pt x 672.11098pt>
File: pics/homodyne/ed(eta1).pdf Graphic file (type pdf)
<use pics/homodyne/ed(eta1).pdf>
Package pdftex.def Info: pics/homodyne/ed(eta1).pdf  used on input line 1698.
(pdftex.def)             Requested size: 229.49844pt x 188.8769pt.
[12 <./pics/qkd/hom/r(l).pdf> <./pics/qkd/dhom/r(l).pdf>] [13 <./pics/homodyne/ED = ED(a)_eta.pdf> <./pics/homodyne/ED = ED(aL)_eta.pdf> <./pics/homodyne/ed(eta2).pdf> <./pics/homodyne/ed(eta1).pdf>]
<pics/homodyne/full.pdf, id=461, 808.39723pt x 652.25604pt>
File: pics/homodyne/full.pdf Graphic file (type pdf)
<use pics/homodyne/full.pdf>
Package pdftex.def Info: pics/homodyne/full.pdf  used on input line 1817.
(pdftex.def)             Requested size: 229.49844pt x 185.16837pt.
<pics/homodyne/full_fock.pdf, id=462, 808.39723pt x 652.25604pt>
File: pics/homodyne/full_fock.pdf Graphic file (type pdf)
<use pics/homodyne/full_fock.pdf>
Package pdftex.def Info: pics/homodyne/full_fock.pdf  used on input line 1822.
(pdftex.def)             Requested size: 229.49844pt x 185.16837pt.
<pics/appendix/app_1.pdf, id=463, 807.97862pt x 663.43863pt>
File: pics/appendix/app_1.pdf Graphic file (type pdf)
<use pics/appendix/app_1.pdf>
Package pdftex.def Info: pics/appendix/app_1.pdf  used on input line 1987.
(pdftex.def)             Requested size: 233.69925pt x 191.88611pt.
 [14]
<pics/appendix/app_2.pdf, id=467, 807.97862pt x 663.43863pt>
File: pics/appendix/app_2.pdf Graphic file (type pdf)
<use pics/appendix/app_2.pdf>
Package pdftex.def Info: pics/appendix/app_2.pdf  used on input line 2079.
(pdftex.def)             Requested size: 233.69925pt x 191.88611pt.
 (./preprint.bbl [15 <./pics/homodyne/full.pdf> <./pics/homodyne/full_fock.pdf> <./pics/appendix/app_1.pdf>]

LaTeX Warning: A float is stuck (cannot be placed); try class option [floatfix] on input line 9.


Underfull \hbox (badness 1237) in paragraph at lines 152--159
 \T1/cmr/m/n/9 A. Kozubov, []Intermode-interaction-induced dy-nam-ics
 []

[16 <./pics/appendix/app_2.pdf>]
Underfull \hbox (badness 10000) in paragraph at lines 418--424
 \T1/cmr/m/n/9 Homodyne-detector-blinding at-tack in continuous-
 []

LaTeX Font Info:    Trying to load font information for T1+cmtt on input line 524.
(/usr/local/texlive/2022/texmf-dist/tex/latex/base/t1cmtt.fd
File: t1cmtt.fd 2019/12/16 v2.5j Standard LaTeX font definitions
)) [17] (./preprint.aux) ) 
Here is how much of TeX's memory you used:
 9375 strings out of 478268
 151751 string characters out of 5846347
 499884 words of memory out of 5000000
 27425 multiletter control sequences out of 15000+600000
 487082 words of font info for 82 fonts, out of 8000000 for 9000
 1141 hyphenation exceptions out of 8191
 69i,16n,77p,1432b,595s stack positions out of 10000i,1000n,20000p,200000b,200000s
{/usr/local/texlive/2022/texmf-dist/fonts/enc/dvips/cm-super/cm-super-t1.enc}</usr/local/texlive/2022/texmf-dist/fonts/type1/public/amsfonts/cm/cmex10.pfb></usr/local/texlive/2022/texmf-dist/fonts/type1/public/amsfonts/cm/cmmi10.pfb></usr/local/texlive/2022/texmf-dist/fonts/type1/public/amsfonts/cm/cmmi12.pfb></usr/local/texlive/2022/texmf-dist/fonts/type1/public/amsfonts/cm/cmmi5.pfb></usr/local/texlive/2022/texmf-dist/fonts/type1/public/amsfonts/cm/cmmi6.pfb></usr/local/texlive/2022/texmf-dist/fonts/type1/public/amsfonts/cm/cmmi7.pfb></usr/local/texlive/2022/texmf-dist/fonts/type1/public/amsfonts/cm/cmmi8.pfb></usr/local/texlive/2022/texmf-dist/fonts/type1/public/amsfonts/cm/cmmi9.pfb></usr/local/texlive/2022/texmf-dist/fonts/type1/public/amsfonts/cm/cmr10.pfb></usr/local/texlive/2022/texmf-dist/fonts/type1/public/amsfonts/cm/cmr12.pfb></usr/local/texlive/2022/texmf-dist/fonts/type1/public/amsfonts/cm/cmr17.pfb></usr/local/texlive/2022/texmf-dist/fonts/type1/public/amsfonts/cm/cmr5.pfb></usr/local/texlive/2022/texmf-dist/fonts/type1/public/amsfonts/cm/cmr6.pfb></usr/local/texlive/2022/texmf-dist/fonts/type1/public/amsfonts/cm/cmr7.pfb></usr/local/texlive/2022/texmf-dist/fonts/type1/public/amsfonts/cm/cmr8.pfb></usr/local/texlive/2022/texmf-dist/fonts/type1/public/amsfonts/cm/cmr9.pfb></usr/local/texlive/2022/texmf-dist/fonts/type1/public/amsfonts/cm/cmss10.pfb></usr/local/texlive/2022/texmf-dist/fonts/type1/public/amsfonts/cm/cmss17.pfb></usr/local/texlive/2022/texmf-dist/fonts/type1/public/amsfonts/cm/cmsy10.pfb></usr/local/texlive/2022/texmf-dist/fonts/type1/public/amsfonts/cm/cmsy5.pfb></usr/local/texlive/2022/texmf-dist/fonts/type1/public/amsfonts/cm/cmsy6.pfb></usr/local/texlive/2022/texmf-dist/fonts/type1/public/amsfonts/cm/cmsy7.pfb></usr/local/texlive/2022/texmf-dist/fonts/type1/public/amsfonts/cm/cmsy9.pfb></usr/local/texlive/2022/texmf-dist/fonts/type1/public/amsfonts/cm/cmtt10.pfb></usr/local/texlive/2022/texmf-dist/fonts/type1/public/amsfonts/symbols/msbm10.pfb></usr/local/texlive/2022/texmf-dist/fonts/type1/public/cm-super/sfbx0900.pfb></usr/local/texlive/2022/texmf-dist/fonts/type1/public/cm-super/sfbx1200.pfb></usr/local/texlive/2022/texmf-dist/fonts/type1/public/cm-super/sfrm0600.pfb></usr/local/texlive/2022/texmf-dist/fonts/type1/public/cm-super/sfrm0700.pfb></usr/local/texlive/2022/texmf-dist/fonts/type1/public/cm-super/sfrm0800.pfb></usr/local/texlive/2022/texmf-dist/fonts/type1/public/cm-super/sfrm0900.pfb></usr/local/texlive/2022/texmf-dist/fonts/type1/public/cm-super/sfrm1000.pfb></usr/local/texlive/2022/texmf-dist/fonts/type1/public/cm-super/sfti0900.pfb></usr/local/texlive/2022/texmf-dist/fonts/type1/public/cm-super/sfti1000.pfb></usr/local/texlive/2022/texmf-dist/fonts/type1/public/cm-super/sftt0900.pfb>
Output written on preprint.pdf (17 pages, 948922 bytes).
PDF statistics:
 635 PDF objects out of 1000 (max. 8388607)
 491 compressed objects within 5 object streams
 0 named destinations out of 1000 (max. 500000)
 157 words of extra memory for PDF output out of 10000 (max. 10000000)

